c:\11시수업\08_pointer\debug\vc141.pdb
c:\11시수업\08_pointer\debug\vc141.idb
c:\11시수업\08_pointer\debug\pointer.obj
c:\11시수업\08_pointer\debug\exam01.obj
c:\11시수업\08_pointer\debug\exam02.obj
c:\11시수업\08_pointer\debug\exam03.obj
c:\11시수업\08_pointer\debug\exam04.obj
c:\11시수업\08_pointer\debug\exam05.obj
c:\11시수업\08_pointer\debug\08_pointer.exe
c:\11시수업\08_pointer\debug\08_pointer.ilk
c:\11시수업\08_pointer\debug\08_pointer.pdb
d:\_c수업\studyc\08_pointer\debug\pointer.obj
d:\_c수업\studyc\08_pointer\debug\exam01.obj
d:\_c수업\studyc\08_pointer\debug\exam03.obj
d:\_c수업\studyc\08_pointer\debug\exam04.obj
d:\_c수업\studyc\08_pointer\debug\exam05.obj
d:\_c수업\studyc\08_pointer\debug\exam02.obj
d:\_c수업\studyc\08_pointer\debug\08_pointer.ilk
d:\_c수업\studyc\08_pointer\debug\vc141.idb
d:\_c수업\studyc\08_pointer\debug\vc141.pdb
d:\_c수업\studyc\08_pointer\debug\08_pointer.pdb
d:\_c수업\studyc\08_pointer\debug\08_pointer.exe
d:\_c수업\studyc\08_pointer\debug\08_pointer.tlog\cl.read.1.tlog
d:\_c수업\studyc\08_pointer\debug\08_pointer.tlog\cl.write.1.tlog
d:\_c수업\studyc\08_pointer\debug\08_pointer.tlog\cl.command.1.tlog
d:\_c수업\studyc\08_pointer\debug\08_pointer.tlog\link.read.1.tlog
d:\_c수업\studyc\08_pointer\debug\08_pointer.tlog\link.write.1.tlog
d:\_c수업\studyc\08_pointer\debug\08_pointer.tlog\link.command.1.tlog
